<?xml version="1.0" encoding="UTF-8"?>
<!-- Generated by org.testng.reporters.JUnitReportReporter -->
<testsuite hostname="KairosHW0347" failures="0" tests="3" name="com.TextExecutor.TestRunner" time="440.963" errors="0" timestamp="2024-07-29T17:33:56 IST" skipped="0">
  <testcase classname="com.TextExecutor.TestRunner" name="runScenario" time="145.321"/>
  <testcase classname="com.TextExecutor.TestRunner" name="runScenario" time="147.007"/>
  <testcase classname="com.TextExecutor.TestRunner" name="runScenario" time="148.635"/>
</testsuite> <!-- com.TextExecutor.TestRunner -->
